# JRE version: OpenJDK Runtime Environment AdoptOpenJDK-11.0.11+9 (11.0.11+9) (build 11.0.11+9)
# Java VM: OpenJDK 64-Bit Server VM AdoptOpenJDK-11.0.11+9 (11.0.11+9, mixed mode, tiered, compressed oops, g1 gc, windows-amd64)
Heap:
 garbage-first heap   total 63488K, used 48887K [0x00000000e0000000, 0x0000000100000000)
  region size 1024K, 22 young (22528K), 3 survivors (3072K)
 Metaspace       used 33088K, capacity 34223K, committed 34432K, reserved 1079296K
  class space    used 3983K, capacity 4425K, committed 4480K, reserved 1048576K
GC Heap History (14 events):
Event: 2.823 GC heap before
{Heap before GC invocations=0 (full 0):
 garbage-first heap   total 63488K, used 13312K [0x00000000e0000000, 0x0000000100000000)
  region size 1024K, 14 young (14336K), 0 survivors (0K)
 Metaspace       used 10956K, capacity 11205K, committed 11520K, reserved 1058816K
  class space    used 1095K, capacity 1175K, committed 1280K, reserved 1048576K
}
Event: 2.839 GC heap after
{Heap after GC invocations=1 (full 0):
 garbage-first heap   total 63488K, used 5263K [0x00000000e0000000, 0x0000000100000000)
  region size 1024K, 2 young (2048K), 2 survivors (2048K)
 Metaspace       used 10956K, capacity 11205K, committed 11520K, reserved 1058816K
  class space    used 1095K, capacity 1175K, committed 1280K, reserved 1048576K
}
Event: 3.632 GC heap before
{Heap before GC invocations=1 (full 0):
 garbage-first heap   total 63488K, used 10383K [0x00000000e0000000, 0x0000000100000000)
  region size 1024K, 7 young (7168K), 2 survivors (2048K)
 Metaspace       used 12687K, capacity 13005K, committed 13312K, reserved 1060864K
  class space    used 1332K, capacity 1414K, committed 1536K, reserved 1048576K
}
Event: 3.683 GC heap after
{Heap after GC invocations=2 (full 0):
 garbage-first heap   total 63488K, used 5846K [0x00000000e0000000, 0x0000000100000000)
  region size 1024K, 1 young (1024K), 1 survivors (1024K)
 Metaspace       used 12687K, capacity 13005K, committed 13312K, reserved 1060864K
  class space    used 1332K, capacity 1414K, committed 1536K, reserved 1048576K
}
Event: 5.206 GC heap before
{Heap before GC invocations=2 (full 0):
 garbage-first heap   total 63488K, used 24278K [0x00000000e0000000, 0x0000000100000000)
  region size 1024K, 20 young (20480K), 1 survivors (1024K)
 Metaspace       used 17295K, capacity 17971K, committed 18176K, reserved 1064960K
  class space    used 1976K, capacity 2236K, committed 2304K, reserved 1048576K
}
Event: 5.210 GC heap after
{Heap after GC invocations=3 (full 0):
 garbage-first heap   total 63488K, used 6914K [0x00000000e0000000, 0x0000000100000000)
  region size 1024K, 2 young (2048K), 2 survivors (2048K)
 Metaspace       used 17295K, capacity 17971K, committed 18176K, reserved 1064960K
  class space    used 1976K, capacity 2236K, committed 2304K, reserved 1048576K
}
Event: 5.859 GC heap before
{Heap before GC invocations=3 (full 0):
 garbage-first heap   total 63488K, used 20226K [0x00000000e0000000, 0x0000000100000000)
  region size 1024K, 16 young (16384K), 2 survivors (2048K)
 Metaspace       used 20473K, capacity 21181K, committed 21248K, reserved 1069056K
  class space    used 2297K, capacity 2558K, committed 2560K, reserved 1048576K
}
Event: 5.867 GC heap after
{Heap after GC invocations=4 (full 0):
 garbage-first heap   total 63488K, used 8708K [0x00000000e0000000, 0x0000000100000000)
  region size 1024K, 4 young (4096K), 4 survivors (4096K)
 Metaspace       used 20473K, capacity 21181K, committed 21248K, reserved 1069056K
  class space    used 2297K, capacity 2558K, committed 2560K, reserved 1048576K
}
Event: 6.869 GC heap before
{Heap before GC invocations=5 (full 0):
 garbage-first heap   total 63488K, used 32260K [0x00000000e0000000, 0x0000000100000000)
  region size 1024K, 27 young (27648K), 4 survivors (4096K)
 Metaspace       used 22059K, capacity 22830K, committed 23040K, reserved 1069056K
  class space    used 2504K, capacity 2812K, committed 2816K, reserved 1048576K
}
Event: 6.878 GC heap after
{Heap after GC invocations=6 (full 0):
 garbage-first heap   total 63488K, used 10928K [0x00000000e0000000, 0x0000000100000000)
  region size 1024K, 4 young (4096K), 4 survivors (4096K)
 Metaspace       used 22059K, capacity 22830K, committed 23040K, reserved 1069056K
  class space    used 2504K, capacity 2812K, committed 2816K, reserved 1048576K
}
Event: 7.690 GC heap before
{Heap before GC invocations=6 (full 0):
 garbage-first heap   total 63488K, used 38576K [0x00000000e0000000, 0x0000000100000000)
  region size 1024K, 31 young (31744K), 4 survivors (4096K)
 Metaspace       used 26548K, capacity 27299K, committed 27520K, reserved 1073152K
  class space    used 3046K, capacity 3342K, committed 3456K, reserved 1048576K
}
Event: 7.701 GC heap after
{Heap after GC invocations=7 (full 0):
 garbage-first heap   total 63488K, used 12225K [0x00000000e0000000, 0x0000000100000000)
  region size 1024K, 2 young (2048K), 2 survivors (2048K)
 Metaspace       used 26548K, capacity 27299K, committed 27520K, reserved 1073152K
  class space    used 3046K, capacity 3342K, committed 3456K, reserved 1048576K
}
Event: 10.438 GC heap before
{Heap before GC invocations=7 (full 0):
 garbage-first heap   total 63488K, used 39873K [0x00000000e0000000, 0x0000000100000000)
  region size 1024K, 29 young (29696K), 2 survivors (2048K)
 Metaspace       used 30508K, capacity 31541K, committed 31744K, reserved 1077248K
  class space    used 3616K, capacity 4021K, committed 4096K, reserved 1048576K
}
Event: 10.443 GC heap after
{Heap after GC invocations=8 (full 0):
 garbage-first heap   total 63488K, used 13047K [0x00000000e0000000, 0x0000000100000000)
  region size 1024K, 3 young (3072K), 3 survivors (3072K)
 Metaspace       used 30508K, capacity 31541K, committed 31744K, reserved 1077248K
  class space    used 3616K, capacity 4021K, committed 4096K, reserved 1048576K
}

