# JRE version: OpenJDK Runtime Environment AdoptOpenJDK-11.0.11+9 (11.0.11+9) (build 11.0.11+9)
# Java VM: OpenJDK 64-Bit Server VM AdoptOpenJDK-11.0.11+9 (11.0.11+9, mixed mode, tiered, compressed oops, g1 gc, windows-amd64)
Heap:
 garbage-first heap   total 63488K, used 12956K [0x00000000e0000000, 0x0000000100000000)
  region size 1024K, 4 young (4096K), 3 survivors (3072K)
 Metaspace       used 31023K, capacity 32154K, committed 32256K, reserved 1077248K
  class space    used 3649K, capacity 4083K, committed 4096K, reserved 1048576K
GC Heap History (12 events):
Event: 8.156 GC heap before
{Heap before GC invocations=0 (full 0):
 garbage-first heap   total 63488K, used 13312K [0x00000000e0000000, 0x0000000100000000)
  region size 1024K, 14 young (14336K), 0 survivors (0K)
 Metaspace       used 10864K, capacity 11129K, committed 11264K, reserved 1058816K
  class space    used 1080K, capacity 1175K, committed 1280K, reserved 1048576K
}
Event: 8.224 GC heap after
{Heap after GC invocations=1 (full 0):
 garbage-first heap   total 63488K, used 5254K [0x00000000e0000000, 0x0000000100000000)
  region size 1024K, 2 young (2048K), 2 survivors (2048K)
 Metaspace       used 10864K, capacity 11129K, committed 11264K, reserved 1058816K
  class space    used 1080K, capacity 1175K, committed 1280K, reserved 1048576K
}
Event: 9.983 GC heap before
{Heap before GC invocations=1 (full 0):
 garbage-first heap   total 63488K, used 8326K [0x00000000e0000000, 0x0000000100000000)
  region size 1024K, 6 young (6144K), 2 survivors (2048K)
 Metaspace       used 12548K, capacity 12829K, committed 12928K, reserved 1060864K
  class space    used 1304K, capacity 1380K, committed 1408K, reserved 1048576K
}
Event: 10.035 GC heap after
{Heap after GC invocations=2 (full 0):
 garbage-first heap   total 63488K, used 5782K [0x00000000e0000000, 0x0000000100000000)
  region size 1024K, 1 young (1024K), 1 survivors (1024K)
 Metaspace       used 12548K, capacity 12829K, committed 12928K, reserved 1060864K
  class space    used 1304K, capacity 1380K, committed 1408K, reserved 1048576K
}
Event: 14.287 GC heap before
{Heap before GC invocations=2 (full 0):
 garbage-first heap   total 63488K, used 24214K [0x00000000e0000000, 0x0000000100000000)
  region size 1024K, 19 young (19456K), 1 survivors (1024K)
 Metaspace       used 16774K, capacity 17440K, committed 17536K, reserved 1064960K
  class space    used 1871K, capacity 2134K, committed 2176K, reserved 1048576K
}
Event: 14.291 GC heap after
{Heap after GC invocations=3 (full 0):
 garbage-first heap   total 63488K, used 6810K [0x00000000e0000000, 0x0000000100000000)
  region size 1024K, 2 young (2048K), 2 survivors (2048K)
 Metaspace       used 16774K, capacity 17440K, committed 17536K, reserved 1064960K
  class space    used 1871K, capacity 2134K, committed 2176K, reserved 1048576K
}
Event: 15.534 GC heap before
{Heap before GC invocations=3 (full 0):
 garbage-first heap   total 63488K, used 20122K [0x00000000e0000000, 0x0000000100000000)
  region size 1024K, 17 young (17408K), 2 survivors (2048K)
 Metaspace       used 20434K, capacity 21197K, committed 21248K, reserved 1069056K
  class space    used 2267K, capacity 2556K, committed 2560K, reserved 1048576K
}
Event: 15.543 GC heap after
{Heap after GC invocations=4 (full 0):
 garbage-first heap   total 63488K, used 8699K [0x00000000e0000000, 0x0000000100000000)
  region size 1024K, 4 young (4096K), 4 survivors (4096K)
 Metaspace       used 20434K, capacity 21197K, committed 21248K, reserved 1069056K
  class space    used 2267K, capacity 2556K, committed 2560K, reserved 1048576K
}
Event: 16.705 GC heap before
{Heap before GC invocations=5 (full 0):
 garbage-first heap   total 63488K, used 33275K [0x00000000e0000000, 0x0000000100000000)
  region size 1024K, 28 young (28672K), 4 survivors (4096K)
 Metaspace       used 22151K, capacity 22974K, committed 23040K, reserved 1069056K
  class space    used 2488K, capacity 2810K, committed 2816K, reserved 1048576K
}
Event: 16.716 GC heap after
{Heap after GC invocations=6 (full 0):
 garbage-first heap   total 63488K, used 10899K [0x00000000e0000000, 0x0000000100000000)
  region size 1024K, 4 young (4096K), 4 survivors (4096K)
 Metaspace       used 22151K, capacity 22974K, committed 23040K, reserved 1069056K
  class space    used 2488K, capacity 2810K, committed 2816K, reserved 1048576K
}
Event: 17.892 GC heap before
{Heap before GC invocations=6 (full 0):
 garbage-first heap   total 63488K, used 38547K [0x00000000e0000000, 0x0000000100000000)
  region size 1024K, 32 young (32768K), 4 survivors (4096K)
 Metaspace       used 26666K, capacity 27441K, committed 27776K, reserved 1073152K
  class space    used 3027K, capacity 3340K, committed 3456K, reserved 1048576K
}
Event: 17.901 GC heap after
{Heap after GC invocations=7 (full 0):
 garbage-first heap   total 63488K, used 12474K [0x00000000e0000000, 0x0000000100000000)
  region size 1024K, 2 young (2048K), 2 survivors (2048K)
 Metaspace       used 26666K, capacity 27441K, committed 27776K, reserved 1073152K
  class space    used 3027K, capacity 3340K, committed 3456K, reserved 1048576K
}

